<?xml version="1.0" encoding="UTF-8"?>
<!-- Generated by org.testng.reporters.JUnitReportReporter -->
<testsuite hostname="DESKTOP-PCI8H3O" failures="0" tests="2" name="com.comcast.CreateOrganizationTest.TC_01_CreateContactTest" time="0.015" errors="0" timestamp="2021-09-23T15:13:24 IST" skipped="0">
  <testcase classname="com.comcast.CreateOrganizationTest.TC_01_CreateContactTest" name="createContactWithOrganizationTest" time="0.001"/>
  <system-out/>
  <testcase classname="com.comcast.CreateOrganizationTest.TC_01_CreateContactTest" name="createContactTest" time="0.014"/>
  <system-out/>
</testsuite> <!-- com.comcast.CreateOrganizationTest.TC_01_CreateContactTest -->
