<?xml version="1.0" encoding="UTF-8"?>
<!-- Generated by org.testng.reporters.JUnitReportReporter -->
<testsuite hostname="DESKTOP-PCI8H3O" failures="0" tests="1" name="com.comcast.CreateOrg.TC_01_CreateOrganizationTest" time="0.009" errors="0" timestamp="2021-09-22T14:04:39 IST" skipped="0">
  <testcase classname="com.comcast.CreateOrg.TC_01_CreateOrganizationTest" name="createOrganization" time="0.009"/>
  <system-out/>
</testsuite> <!-- com.comcast.CreateOrg.TC_01_CreateOrganizationTest -->
