<?xml version="1.0" encoding="UTF-8"?>
<!-- Generated by org.testng.reporters.JUnitReportReporter -->
<testsuite hostname="DESKTOP-PCI8H3O" failures="0" tests="3" name="com.comcast.CreateOrg.TC_01_CreateOrganizationTest" time="0.003" errors="0" timestamp="2021-09-23T15:13:24 IST" skipped="0">
  <testcase classname="com.comcast.CreateOrg.TC_01_CreateOrganizationTest" name="updateOrganization" time="0.001"/>
  <system-out/>
  <testcase classname="com.comcast.CreateOrg.TC_01_CreateOrganizationTest" name="deleteOrganization" time="0.001"/>
  <system-out/>
  <testcase classname="com.comcast.CreateOrg.TC_01_CreateOrganizationTest" name="createOrganizationWithIndustry" time="0.001"/>
  <system-out/>
</testsuite> <!-- com.comcast.CreateOrg.TC_01_CreateOrganizationTest -->
